2017-05-16 18:52:36,820 - Starting Apache Velocity v1.7 (compiled: 2010-11-19 12:14:37)
2017-05-16 18:52:36,820 - Default Properties File: org/apache/velocity/runtime/defaults/velocity.properties
2017-05-16 18:52:36,820 - Trying to use logger class org.apache.velocity.runtime.log.AvalonLogChute
2017-05-16 18:52:36,820 - Target log system for org.apache.velocity.runtime.log.AvalonLogChute is not available (java.lang.NoClassDefFoundError: org/apache/log/format/Formatter).  Falling back to next log system...
2017-05-16 18:52:36,820 - Trying to use logger class org.apache.velocity.runtime.log.Log4JLogChute
2017-05-16 18:52:36,820 - Using logger class org.apache.velocity.runtime.log.Log4JLogChute
2017-05-16 18:52:36,820 - ResourceLoader instantiated: org.apache.velocity.runtime.resource.loader.FileResourceLoader
2017-05-16 18:52:36,820 - Do unicode file recognition:  false
2017-05-16 18:52:36,821 - FileResourceLoader : adding path '.'
2017-05-16 18:52:36,821 - ResourceCache: initialized (class org.apache.velocity.runtime.resource.ResourceCacheImpl) with class java.util.Collections$SynchronizedMap cache map.
2017-05-16 18:52:36,821 - Loaded System Directive: org.apache.velocity.runtime.directive.Stop
2017-05-16 18:52:36,822 - Loaded System Directive: org.apache.velocity.runtime.directive.Define
2017-05-16 18:52:36,822 - Loaded System Directive: org.apache.velocity.runtime.directive.Break
2017-05-16 18:52:36,822 - Loaded System Directive: org.apache.velocity.runtime.directive.Evaluate
2017-05-16 18:52:36,822 - Loaded System Directive: org.apache.velocity.runtime.directive.Literal
2017-05-16 18:52:36,822 - Loaded System Directive: org.apache.velocity.runtime.directive.Macro
2017-05-16 18:52:36,822 - Loaded System Directive: org.apache.velocity.runtime.directive.Parse
2017-05-16 18:52:36,822 - Loaded System Directive: org.apache.velocity.runtime.directive.Include
2017-05-16 18:52:36,822 - Loaded System Directive: org.apache.velocity.runtime.directive.Foreach
2017-05-16 18:52:36,825 - Created '20' parsers.
2017-05-16 18:52:36,825 - Velocimacro : "velocimacro.library" is not set.  Trying default library: VM_global_library.vm
2017-05-16 18:52:36,825 - Velocimacro : Default library not found.
2017-05-16 18:52:36,825 - Velocimacro : allowInline = true : VMs can be defined inline in templates
2017-05-16 18:52:36,825 - Velocimacro : allowInlineToOverride = false : VMs defined inline may NOT replace previous VM definitions
2017-05-16 18:52:36,826 - Velocimacro : allowInlineLocal = false : VMs defined inline will be global in scope if allowed.
2017-05-16 18:52:36,826 - Velocimacro : autoload off : VM system will not automatically reload global library macros
2017-05-16 18:52:36,830 - Log4JLogChute initialized using file 'velocity.log'
2017-05-16 18:52:36,831 - Initializing Velocity, Calling init()...
2017-05-16 18:52:36,831 - Starting Apache Velocity v1.7 (compiled: 2010-11-19 12:14:37)
2017-05-16 18:52:36,831 - Default Properties File: org/apache/velocity/runtime/defaults/velocity.properties
2017-05-16 18:52:36,831 - Trying to use logger class org.apache.velocity.runtime.log.AvalonLogChute
2017-05-16 18:52:36,831 - Target log system for org.apache.velocity.runtime.log.AvalonLogChute is not available (java.lang.NoClassDefFoundError: org/apache/log/format/Formatter).  Falling back to next log system...
2017-05-16 18:52:36,831 - Trying to use logger class org.apache.velocity.runtime.log.Log4JLogChute
2017-05-16 18:52:36,831 - Using logger class org.apache.velocity.runtime.log.Log4JLogChute
2017-05-16 18:52:36,831 - ResourceLoader instantiated: org.apache.velocity.runtime.resource.loader.FileResourceLoader
2017-05-16 18:52:36,831 - Do unicode file recognition:  false
2017-05-16 18:52:36,831 - FileResourceLoader : adding path '.'
2017-05-16 18:52:36,831 - ResourceCache: initialized (class org.apache.velocity.runtime.resource.ResourceCacheImpl) with class java.util.Collections$SynchronizedMap cache map.
2017-05-16 18:52:36,832 - Loaded System Directive: org.apache.velocity.runtime.directive.Stop
2017-05-16 18:52:36,832 - Loaded System Directive: org.apache.velocity.runtime.directive.Define
2017-05-16 18:52:36,832 - Loaded System Directive: org.apache.velocity.runtime.directive.Break
2017-05-16 18:52:36,832 - Loaded System Directive: org.apache.velocity.runtime.directive.Evaluate
2017-05-16 18:52:36,832 - Loaded System Directive: org.apache.velocity.runtime.directive.Literal
2017-05-16 18:52:36,832 - Loaded System Directive: org.apache.velocity.runtime.directive.Macro
2017-05-16 18:52:36,832 - Loaded System Directive: org.apache.velocity.runtime.directive.Parse
2017-05-16 18:52:36,832 - Loaded System Directive: org.apache.velocity.runtime.directive.Include
2017-05-16 18:52:36,832 - Loaded System Directive: org.apache.velocity.runtime.directive.Foreach
2017-05-16 18:52:36,833 - Created '20' parsers.
2017-05-16 18:52:36,833 - Velocimacro : "velocimacro.library" is not set.  Trying default library: VM_global_library.vm
2017-05-16 18:52:36,833 - Velocimacro : Default library not found.
2017-05-16 18:52:36,833 - Velocimacro : allowInline = true : VMs can be defined inline in templates
2017-05-16 18:52:36,833 - Velocimacro : allowInlineToOverride = false : VMs defined inline may NOT replace previous VM definitions
2017-05-16 18:52:36,833 - Velocimacro : allowInlineLocal = false : VMs defined inline will be global in scope if allowed.
2017-05-16 18:52:36,833 - Velocimacro : autoload off : VM system will not automatically reload global library macros
- Velocimacro : allowInlineLocal = false : VMs defined inline will be global in scope if allowed.
2017-05-16 18:52:36,833 - Velocimacro : autoload off : VM system will not automatically reload global library macros
2017-05-16 18:52:36,865 - Log4JLogChute initialized using file 'velocity.log'
2017-05-16 18:52:36,865 - Log4JLogChute initialized using file 'velocity.log'
2017-05-16 18:52:36,865 - Initializing Velocity, Calling init()...
2017-05-16 18:52:36,865 - Initializing Velocity, Calling init()...
2017-05-16 18:52:36,865 - Starting Apache Velocity v1.7 (compiled: 2010-11-19 12:14:37)
2017-05-16 18:52:36,865 - Starting Apache Velocity v1.7 (compiled: 2010-11-19 12:14:37)
2017-05-16 18:52:36,865 - Default Properties File: org/apache/velocity/runtime/defaults/velocity.properties
2017-05-16 18:52:36,865 - Default Properties File: org/apache/velocity/runtime/defaults/velocity.properties
2017-05-16 18:52:36,865 - Trying to use logger class org.apache.velocity.runtime.log.AvalonLogChute
2017-05-16 18:52:36,865 - Trying to use logger class org.apache.velocity.runtime.log.AvalonLogChute
2017-05-16 18:52:36,865 - Target log system for org.apache.velocity.runtime.log.AvalonLogChute is not available (java.lang.NoClassDefFoundError: org/apache/log/format/Formatter).  Falling back to next log system...
2017-05-16 18:52:36,865 - Target log system for org.apache.velocity.runtime.log.AvalonLogChute is not available (java.lang.NoClassDefFoundError: org/apache/log/format/Formatter).  Falling back to next log system...
2017-05-16 18:52:36,865 - Trying to use logger class org.apache.velocity.runtime.log.Log4JLogChute
2017-05-16 18:52:36,865 - Trying to use logger class org.apache.velocity.runtime.log.Log4JLogChute
2017-05-16 18:52:36,865 - Using logger class org.apache.velocity.runtime.log.Log4JLogChute
2017-05-16 18:52:36,865 - Using logger class org.apache.velocity.runtime.log.Log4JLogChute
2017-05-16 18:52:36,865 - ResourceLoader instantiated: org.apache.velocity.runtime.resource.loader.FileResourceLoader
2017-05-16 18:52:36,865 - ResourceLoader instantiated: org.apache.velocity.runtime.resource.loader.FileResourceLoader
2017-05-16 18:52:36,865 - Do unicode file recognition:  false
2017-05-16 18:52:36,865 - Do unicode file recognition:  false
2017-05-16 18:52:36,865 - FileResourceLoader : adding path '.'
2017-05-16 18:52:36,865 - FileResourceLoader : adding path '.'
2017-05-16 18:52:36,866 - ResourceCache: initialized (class org.apache.velocity.runtime.resource.ResourceCacheImpl) with class java.util.Collections$SynchronizedMap cache map.
2017-05-16 18:52:36,866 - ResourceCache: initialized (class org.apache.velocity.runtime.resource.ResourceCacheImpl) with class java.util.Collections$SynchronizedMap cache map.
2017-05-16 18:52:36,866 - Loaded System Directive: org.apache.velocity.runtime.directive.Stop
2017-05-16 18:52:36,866 - Loaded System Directive: org.apache.velocity.runtime.directive.Stop
2017-05-16 18:52:36,866 - Loaded System Directive: org.apache.velocity.runtime.directive.Define
2017-05-16 18:52:36,866 - Loaded System Directive: org.apache.velocity.runtime.directive.Define
2017-05-16 18:52:36,866 - Loaded System Directive: org.apache.velocity.runtime.directive.Break
2017-05-16 18:52:36,866 - Loaded System Directive: org.apache.velocity.runtime.directive.Break
2017-05-16 18:52:36,866 - Loaded System Directive: org.apache.velocity.runtime.directive.Evaluate
2017-05-16 18:52:36,866 - Loaded System Directive: org.apache.velocity.runtime.directive.Evaluate
2017-05-16 18:52:36,866 - Loaded System Directive: org.apache.velocity.runtime.directive.Literal
2017-05-16 18:52:36,866 - Loaded System Directive: org.apache.velocity.runtime.directive.Literal
2017-05-16 18:52:36,866 - Loaded System Directive: org.apache.velocity.runtime.directive.Macro
2017-05-16 18:52:36,866 - Loaded System Directive: org.apache.velocity.runtime.directive.Macro
2017-05-16 18:52:36,866 - Loaded System Directive: org.apache.velocity.runtime.directive.Parse
2017-05-16 18:52:36,866 - Loaded System Directive: org.apache.velocity.runtime.directive.Parse
2017-05-16 18:52:36,866 - Loaded System Directive: org.apache.velocity.runtime.directive.Include
2017-05-16 18:52:36,866 - Loaded System Directive: org.apache.velocity.runtime.directive.Include
2017-05-16 18:52:36,866 - Loaded System Directive: org.apache.velocity.runtime.directive.Foreach
2017-05-16 18:52:36,866 - Loaded System Directive: org.apache.velocity.runtime.directive.Foreach
2017-05-16 18:52:36,867 - Created '20' parsers.
2017-05-16 18:52:36,867 - Created '20' parsers.
2017-05-16 18:52:36,867 - Velocimacro : "velocimacro.library" is not set.  Trying default library: VM_global_library.vm
2017-05-16 18:52:36,867 - Velocimacro : "velocimacro.library" is not set.  Trying default library: VM_global_library.vm
2017-05-16 18:52:36,867 - Velocimacro : Default library not found.
2017-05-16 18:52:36,867 - Velocimacro : Default library not found.
2017-05-16 18:52:36,867 - Velocimacro : allowInline = true : VMs can be defined inline in templates
2017-05-16 18:52:36,867 - Velocimacro : allowInline = true : VMs can be defined inline in templates
2017-05-16 18:52:36,867 - Velocimacro : allowInlineToOverride = false : VMs defined inline may NOT replace previous VM definitions
2017-05-16 18:52:36,867 - Velocimacro : allowInlineToOverride = false : VMs defined inline may NOT replace previous VM definitions
2017-05-16 18:52:36,867 - Velocimacro : allowInlineLocal = false : VMs defined inline will be global in scope if allowed.
2017-05-16 18:52:36,867 - Velocimacro : allowInlineLocal = false : VMs defined inline will be global in scope if allowed.
2017-05-16 18:52:36,867 - Velocimacro : autoload off : VM system will not automatically reload global library macros
2017-05-16 18:52:36,867 - Velocimacro : autoload off : VM system will not automatically reload global library macros
